# JRE version: OpenJDK Runtime Environment (17.0.13+11) (build 17.0.13+11-Debian-2deb12u1)
# Java VM: OpenJDK 64-Bit Server VM (17.0.13+11-Debian-2deb12u1, mixed mode, sharing, tiered, compressed oops, compressed class ptrs, parallel gc, linux-amd64)
GC Precious Log:
 CPUs: 10 total, 10 available
 Memory: 7837M
 Large Page Support: Disabled
 NUMA Support: Disabled
 Compressed Oops: Enabled (Zero based)
 Alignments: Space 512K, Generation 512K, Heap 2M
 Heap Min Capacity: 8M
 Heap Initial Capacity: 124M
 Heap Max Capacity: 4G
 Pre-touch: Disabled
 Parallel Workers: 9
Heap:
 PSYoungGen      total 252416K, used 63014K [0x00000007aab00000, 0x00000007c3100000, 0x0000000800000000)
  eden space 240640K, 25% used [0x00000007aab00000,0x00000007ae641b68,0x00000007b9600000)
  from space 11776K, 19% used [0x00000007b9600000,0x00000007b9848020,0x00000007ba180000)
  to   space 12288K, 0% used [0x00000007c2500000,0x00000007c2500000,0x00000007c3100000)
 ParOldGen       total 84992K, used 25148K [0x0000000700000000, 0x0000000705300000, 0x00000007aab00000)
  object space 84992K, 29% used [0x0000000700000000,0x000000070188f288,0x0000000705300000)
 Metaspace       used 29482K, committed 29888K, reserved 1114112K
  class space    used 4142K, committed 4352K, reserved 1048576K
GC Heap History (20 events):
Event: 1.273 GC heap before
{Heap before GC invocations=1 (full 0):
 PSYoungGen      total 36864K, used 31744K [0x00000007aab00000, 0x00000007ad400000, 0x0000000800000000)
  eden space 31744K, 100% used [0x00000007aab00000,0x00000007aca00000,0x00000007aca00000)
  from space 5120K, 0% used [0x00000007acf00000,0x00000007acf00000,0x00000007ad400000)
  to   space 5120K, 0% used [0x00000007aca00000,0x00000007aca00000,0x00000007acf00000)
 ParOldGen       total 84992K, used 0K [0x0000000700000000, 0x0000000705300000, 0x00000007aab00000)
  object space 84992K, 0% used [0x0000000700000000,0x0000000700000000,0x0000000705300000)
 Metaspace       used 3362K, committed 3520K, reserved 1114112K
  class space    used 428K, committed 512K, reserved 1048576K
}
Event: 1.289 GC heap after
{Heap after GC invocations=1 (full 0):
 PSYoungGen      total 36864K, used 5112K [0x00000007aab00000, 0x00000007af300000, 0x0000000800000000)
  eden space 31744K, 0% used [0x00000007aab00000,0x00000007aab00000,0x00000007aca00000)
  from space 5120K, 99% used [0x00000007aca00000,0x00000007acefe2b0,0x00000007acf00000)
  to   space 5120K, 0% used [0x00000007aee00000,0x00000007aee00000,0x00000007af300000)
 ParOldGen       total 84992K, used 3766K [0x0000000700000000, 0x0000000705300000, 0x00000007aab00000)
  object space 84992K, 4% used [0x0000000700000000,0x00000007003ad978,0x0000000705300000)
 Metaspace       used 3362K, committed 3520K, reserved 1114112K
  class space    used 428K, committed 512K, reserved 1048576K
}
Event: 1.779 GC heap before
{Heap before GC invocations=2 (full 0):
 PSYoungGen      total 36864K, used 36856K [0x00000007aab00000, 0x00000007af300000, 0x0000000800000000)
  eden space 31744K, 100% used [0x00000007aab00000,0x00000007aca00000,0x00000007aca00000)
  from space 5120K, 99% used [0x00000007aca00000,0x00000007acefe2b0,0x00000007acf00000)
  to   space 5120K, 0% used [0x00000007aee00000,0x00000007aee00000,0x00000007af300000)
 ParOldGen       total 84992K, used 3766K [0x0000000700000000, 0x0000000705300000, 0x00000007aab00000)
  object space 84992K, 4% used [0x0000000700000000,0x00000007003ad978,0x0000000705300000)
 Metaspace       used 5940K, committed 6080K, reserved 1114112K
  class space    used 802K, committed 896K, reserved 1048576K
}
Event: 1.789 GC heap after
{Heap after GC invocations=2 (full 0):
 PSYoungGen      total 68608K, used 5117K [0x00000007aab00000, 0x00000007af300000, 0x0000000800000000)
  eden space 63488K, 0% used [0x00000007aab00000,0x00000007aab00000,0x00000007ae900000)
  from space 5120K, 99% used [0x00000007aee00000,0x00000007af2ff528,0x00000007af300000)
  to   space 5120K, 0% used [0x00000007ae900000,0x00000007ae900000,0x00000007aee00000)
 ParOldGen       total 84992K, used 9480K [0x0000000700000000, 0x0000000705300000, 0x00000007aab00000)
  object space 84992K, 11% used [0x0000000700000000,0x00000007009420e0,0x0000000705300000)
 Metaspace       used 5940K, committed 6080K, reserved 1114112K
  class space    used 802K, committed 896K, reserved 1048576K
}
Event: 2.871 GC heap before
{Heap before GC invocations=3 (full 0):
 PSYoungGen      total 68608K, used 68605K [0x00000007aab00000, 0x00000007af300000, 0x0000000800000000)
  eden space 63488K, 100% used [0x00000007aab00000,0x00000007ae900000,0x00000007ae900000)
  from space 5120K, 99% used [0x00000007aee00000,0x00000007af2ff528,0x00000007af300000)
  to   space 5120K, 0% used [0x00000007ae900000,0x00000007ae900000,0x00000007aee00000)
 ParOldGen       total 84992K, used 9480K [0x0000000700000000, 0x0000000705300000, 0x00000007aab00000)
  object space 84992K, 11% used [0x0000000700000000,0x00000007009420e0,0x0000000705300000)
 Metaspace       used 17640K, committed 17984K, reserved 1114112K
  class space    used 2637K, committed 2816K, reserved 1048576K
}
Event: 2.880 GC heap after
{Heap after GC invocations=3 (full 0):
 PSYoungGen      total 68608K, used 5093K [0x00000007aab00000, 0x00000007b3100000, 0x0000000800000000)
  eden space 63488K, 0% used [0x00000007aab00000,0x00000007aab00000,0x00000007ae900000)
  from space 5120K, 99% used [0x00000007ae900000,0x00000007aedf97f0,0x00000007aee00000)
  to   space 5120K, 0% used [0x00000007b2c00000,0x00000007b2c00000,0x00000007b3100000)
 ParOldGen       total 84992K, used 13635K [0x0000000700000000, 0x0000000705300000, 0x00000007aab00000)
  object space 84992K, 16% used [0x0000000700000000,0x0000000700d50f28,0x0000000705300000)
 Metaspace       used 17640K, committed 17984K, reserved 1114112K
  class space    used 2637K, committed 2816K, reserved 1048576K
}
Event: 3.305 GC heap before
{Heap before GC invocations=4 (full 0):
 PSYoungGen      total 68608K, used 32390K [0x00000007aab00000, 0x00000007b3100000, 0x0000000800000000)
  eden space 63488K, 42% used [0x00000007aab00000,0x00000007ac5a8038,0x00000007ae900000)
  from space 5120K, 99% used [0x00000007ae900000,0x00000007aedf97f0,0x00000007aee00000)
  to   space 5120K, 0% used [0x00000007b2c00000,0x00000007b2c00000,0x00000007b3100000)
 ParOldGen       total 84992K, used 13635K [0x0000000700000000, 0x0000000705300000, 0x00000007aab00000)
  object space 84992K, 16% used [0x0000000700000000,0x0000000700d50f28,0x0000000705300000)
 Metaspace       used 21197K, committed 21504K, reserved 1114112K
  class space    used 3202K, committed 3328K, reserved 1048576K
}
Event: 3.310 GC heap after
{Heap after GC invocations=4 (full 0):
 PSYoungGen      total 132096K, used 5114K [0x00000007aab00000, 0x00000007b3100000, 0x0000000800000000)
  eden space 126976K, 0% used [0x00000007aab00000,0x00000007aab00000,0x00000007b2700000)
  from space 5120K, 99% used [0x00000007b2c00000,0x00000007b30feba0,0x00000007b3100000)
  to   space 5120K, 0% used [0x00000007b2700000,0x00000007b2700000,0x00000007b2c00000)
 ParOldGen       total 84992K, used 14810K [0x0000000700000000, 0x0000000705300000, 0x00000007aab00000)
  object space 84992K, 17% used [0x0000000700000000,0x0000000700e76ae8,0x0000000705300000)
 Metaspace       used 21197K, committed 21504K, reserved 1114112K
  class space    used 3202K, committed 3328K, reserved 1048576K
}
Event: 3.310 GC heap before
{Heap before GC invocations=5 (full 1):
 PSYoungGen      total 132096K, used 5114K [0x00000007aab00000, 0x00000007b3100000, 0x0000000800000000)
  eden space 126976K, 0% used [0x00000007aab00000,0x00000007aab00000,0x00000007b2700000)
  from space 5120K, 99% used [0x00000007b2c00000,0x00000007b30feba0,0x00000007b3100000)
  to   space 5120K, 0% used [0x00000007b2700000,0x00000007b2700000,0x00000007b2c00000)
 ParOldGen       total 84992K, used 14810K [0x0000000700000000, 0x0000000705300000, 0x00000007aab00000)
  object space 84992K, 17% used [0x0000000700000000,0x0000000700e76ae8,0x0000000705300000)
 Metaspace       used 21197K, committed 21504K, reserved 1114112K
  class space    used 3202K, committed 3328K, reserved 1048576K
}
Event: 3.369 GC heap after
{Heap after GC invocations=5 (full 1):
 PSYoungGen      total 132096K, used 0K [0x00000007aab00000, 0x00000007b3100000, 0x0000000800000000)
  eden space 126976K, 0% used [0x00000007aab00000,0x00000007aab00000,0x00000007b2700000)
  from space 5120K, 0% used [0x00000007b2c00000,0x00000007b2c00000,0x00000007b3100000)
  to   space 5120K, 0% used [0x00000007b2700000,0x00000007b2700000,0x00000007b2c00000)
 ParOldGen       total 84992K, used 19348K [0x0000000700000000, 0x0000000705300000, 0x00000007aab00000)
  object space 84992K, 22% used [0x0000000700000000,0x00000007012e5130,0x0000000705300000)
 Metaspace       used 21197K, committed 21504K, reserved 1114112K
  class space    used 3202K, committed 3328K, reserved 1048576K
}
Event: 4.991 GC heap before
{Heap before GC invocations=6 (full 1):
 PSYoungGen      total 132096K, used 126976K [0x00000007aab00000, 0x00000007b3100000, 0x0000000800000000)
  eden space 126976K, 100% used [0x00000007aab00000,0x00000007b2700000,0x00000007b2700000)
  from space 5120K, 0% used [0x00000007b2c00000,0x00000007b2c00000,0x00000007b3100000)
  to   space 5120K, 0% used [0x00000007b2700000,0x00000007b2700000,0x00000007b2c00000)
 ParOldGen       total 84992K, used 19348K [0x0000000700000000, 0x0000000705300000, 0x00000007aab00000)
  object space 84992K, 22% used [0x0000000700000000,0x00000007012e5130,0x0000000705300000)
 Metaspace       used 29364K, committed 29760K, reserved 1114112K
  class space    used 4134K, committed 4352K, reserved 1048576K
}
Event: 4.997 GC heap after
{Heap after GC invocations=6 (full 1):
 PSYoungGen      total 132096K, used 5008K [0x00000007aab00000, 0x00000007bbb00000, 0x0000000800000000)
  eden space 126976K, 0% used [0x00000007aab00000,0x00000007aab00000,0x00000007b2700000)
  from space 5120K, 97% used [0x00000007b2700000,0x00000007b2be4020,0x00000007b2c00000)
  to   space 12288K, 0% used [0x00000007baf00000,0x00000007baf00000,0x00000007bbb00000)
 ParOldGen       total 84992K, used 19827K [0x0000000700000000, 0x0000000705300000, 0x00000007aab00000)
  object space 84992K, 23% used [0x0000000700000000,0x000000070135cf58,0x0000000705300000)
 Metaspace       used 29364K, committed 29760K, reserved 1114112K
  class space    used 4134K, committed 4352K, reserved 1048576K
}
Event: 5.501 GC heap before
{Heap before GC invocations=7 (full 1):
 PSYoungGen      total 132096K, used 131984K [0x00000007aab00000, 0x00000007bbb00000, 0x0000000800000000)
  eden space 126976K, 100% used [0x00000007aab00000,0x00000007b2700000,0x00000007b2700000)
  from space 5120K, 97% used [0x00000007b2700000,0x00000007b2be4020,0x00000007b2c00000)
  to   space 12288K, 0% used [0x00000007baf00000,0x00000007baf00000,0x00000007bbb00000)
 ParOldGen       total 84992K, used 19827K [0x0000000700000000, 0x0000000705300000, 0x00000007aab00000)
  object space 84992K, 23% used [0x0000000700000000,0x000000070135cf58,0x0000000705300000)
 Metaspace       used 29410K, committed 29824K, reserved 1114112K
  class space    used 4135K, committed 4352K, reserved 1048576K
}
Event: 5.506 GC heap after
{Heap after GC invocations=7 (full 1):
 PSYoungGen      total 128000K, used 5568K [0x00000007aab00000, 0x00000007bb480000, 0x0000000800000000)
  eden space 122368K, 0% used [0x00000007aab00000,0x00000007aab00000,0x00000007b2280000)
  from space 5632K, 98% used [0x00000007baf00000,0x00000007bb470030,0x00000007bb480000)
  to   space 12288K, 0% used [0x00000007b9c80000,0x00000007b9c80000,0x00000007ba880000)
 ParOldGen       total 84992K, used 19835K [0x0000000700000000, 0x0000000705300000, 0x00000007aab00000)
  object space 84992K, 23% used [0x0000000700000000,0x000000070135ef58,0x0000000705300000)
 Metaspace       used 29410K, committed 29824K, reserved 1114112K
  class space    used 4135K, committed 4352K, reserved 1048576K
}
Event: 5.802 GC heap before
{Heap before GC invocations=8 (full 1):
 PSYoungGen      total 128000K, used 127936K [0x00000007aab00000, 0x00000007bb480000, 0x0000000800000000)
  eden space 122368K, 100% used [0x00000007aab00000,0x00000007b2280000,0x00000007b2280000)
  from space 5632K, 98% used [0x00000007baf00000,0x00000007bb470030,0x00000007bb480000)
  to   space 12288K, 0% used [0x00000007b9c80000,0x00000007b9c80000,0x00000007ba880000)
 ParOldGen       total 84992K, used 19835K [0x0000000700000000, 0x0000000705300000, 0x00000007aab00000)
  object space 84992K, 23% used [0x0000000700000000,0x000000070135ef58,0x0000000705300000)
 Metaspace       used 29424K, committed 29888K, reserved 1114112K
  class space    used 4135K, committed 4352K, reserved 1048576K
}
Event: 5.805 GC heap after
{Heap after GC invocations=8 (full 1):
 PSYoungGen      total 250880K, used 5856K [0x00000007aab00000, 0x00000007bb200000, 0x0000000800000000)
  eden space 244736K, 0% used [0x00000007aab00000,0x00000007aab00000,0x00000007b9a00000)
  from space 6144K, 95% used [0x00000007b9c80000,0x00000007ba238050,0x00000007ba280000)
  to   space 12288K, 0% used [0x00000007ba600000,0x00000007ba600000,0x00000007bb200000)
 ParOldGen       total 84992K, used 19843K [0x0000000700000000, 0x0000000705300000, 0x00000007aab00000)
  object space 84992K, 23% used [0x0000000700000000,0x0000000701360f58,0x0000000705300000)
 Metaspace       used 29424K, committed 29888K, reserved 1114112K
  class space    used 4135K, committed 4352K, reserved 1048576K
}
Event: 6.353 GC heap before
{Heap before GC invocations=9 (full 1):
 PSYoungGen      total 250880K, used 250592K [0x00000007aab00000, 0x00000007bb200000, 0x0000000800000000)
  eden space 244736K, 100% used [0x00000007aab00000,0x00000007b9a00000,0x00000007b9a00000)
  from space 6144K, 95% used [0x00000007b9c80000,0x00000007ba238050,0x00000007ba280000)
  to   space 12288K, 0% used [0x00000007ba600000,0x00000007ba600000,0x00000007bb200000)
 ParOldGen       total 84992K, used 19843K [0x0000000700000000, 0x0000000705300000, 0x00000007aab00000)
  object space 84992K, 23% used [0x0000000700000000,0x0000000701360f58,0x0000000705300000)
 Metaspace       used 29431K, committed 29888K, reserved 1114112K
  class space    used 4135K, committed 4352K, reserved 1048576K
}
Event: 6.357 GC heap after
{Heap after GC invocations=9 (full 1):
 PSYoungGen      total 241152K, used 6864K [0x00000007aab00000, 0x00000007bad00000, 0x0000000800000000)
  eden space 233984K, 0% used [0x00000007aab00000,0x00000007aab00000,0x00000007b8f80000)
  from space 7168K, 95% used [0x00000007ba600000,0x00000007bacb4040,0x00000007bad00000)
  to   space 11776K, 0% used [0x00000007b9600000,0x00000007b9600000,0x00000007ba180000)
 ParOldGen       total 84992K, used 19851K [0x0000000700000000, 0x0000000705300000, 0x00000007aab00000)
  object space 84992K, 23% used [0x0000000700000000,0x0000000701362f58,0x0000000705300000)
 Metaspace       used 29431K, committed 29888K, reserved 1114112K
  class space    used 4135K, committed 4352K, reserved 1048576K
}
Event: 6.845 GC heap before
{Heap before GC invocations=10 (full 1):
 PSYoungGen      total 241152K, used 240848K [0x00000007aab00000, 0x00000007bad00000, 0x0000000800000000)
  eden space 233984K, 100% used [0x00000007aab00000,0x00000007b8f80000,0x00000007b8f80000)
  from space 7168K, 95% used [0x00000007ba600000,0x00000007bacb4040,0x00000007bad00000)
  to   space 11776K, 0% used [0x00000007b9600000,0x00000007b9600000,0x00000007ba180000)
 ParOldGen       total 84992K, used 19851K [0x0000000700000000, 0x0000000705300000, 0x00000007aab00000)
  object space 84992K, 23% used [0x0000000700000000,0x0000000701362f58,0x0000000705300000)
 Metaspace       used 29480K, committed 29888K, reserved 1114112K
  class space    used 4142K, committed 4352K, reserved 1048576K
}
Event: 6.852 GC heap after
{Heap after GC invocations=10 (full 1):
 PSYoungGen      total 252416K, used 2336K [0x00000007aab00000, 0x00000007c3100000, 0x0000000800000000)
  eden space 240640K, 0% used [0x00000007aab00000,0x00000007aab00000,0x00000007b9600000)
  from space 11776K, 19% used [0x00000007b9600000,0x00000007b9848020,0x00000007ba180000)
  to   space 12288K, 0% used [0x00000007c2500000,0x00000007c2500000,0x00000007c3100000)
 ParOldGen       total 84992K, used 25148K [0x0000000700000000, 0x0000000705300000, 0x00000007aab00000)
  object space 84992K, 29% used [0x0000000700000000,0x000000070188f288,0x0000000705300000)
 Metaspace       used 29480K, committed 29888K, reserved 1114112K
  class space    used 4142K, committed 4352K, reserved 1048576K
}

